2019-03-18 06:17:21,369 [Worker-5: Loading available Gradle versions] INFO  o.e.b.c.i.u.g.PublishedGradleVersions - Gradle version information cache is up-to-date. Trying to read.
2019-03-18 06:25:50,060 [Worker-2: Loading available Gradle versions] INFO  o.e.b.c.i.u.g.PublishedGradleVersions - Gradle version information cache is up-to-date. Trying to read.
2019-03-18 06:48:21,930 [Worker-23: Building workspace] INFO  o.e.m.c.i.l.LifecycleMappingFactory - Using org.eclipse.m2e.jdt.JarLifecycleMapping lifecycle mapping for MavenProject: com.example:demo:0.0.1-SNAPSHOT @ D:\[BAMS]\sekolah\kuliah\workspace-spring-tool-suite-4-4.1.1.RELEASE\demo\pom.xml.
2019-03-18 06:48:21,930 [Worker-28: Updating Maven Dependencies] INFO  o.e.m.c.i.l.LifecycleMappingFactory - Using org.eclipse.m2e.jdt.JarLifecycleMapping lifecycle mapping for MavenProject: com.example:demo:0.0.1-SNAPSHOT @ D:\[BAMS]\sekolah\kuliah\workspace-spring-tool-suite-4-4.1.1.RELEASE\demo\pom.xml.
2019-03-18 06:48:27,465 [Worker-23: Building workspace] INFO  o.e.m.c.i.embedder.EclipseLogger - Using 'UTF-8' encoding to copy filtered resources.
2019-03-18 06:48:27,468 [Worker-23: Building workspace] INFO  o.e.m.c.i.embedder.EclipseLogger - Copying 1 resource
2019-03-18 06:48:27,481 [Worker-23: Building workspace] INFO  o.e.m.c.i.embedder.EclipseLogger - Copying 0 resource
2019-03-18 06:48:27,483 [Worker-23: Building workspace] INFO  o.e.m.c.i.embedder.EclipseLogger - Using 'UTF-8' encoding to copy filtered resources.
2019-03-18 06:48:27,483 [Worker-23: Building workspace] INFO  o.e.m.c.i.embedder.EclipseLogger - skip non existing resourceDirectory D:\[BAMS]\sekolah\kuliah\workspace-spring-tool-suite-4-4.1.1.RELEASE\demo\src\test\resources
2019-03-18 06:48:29,006 [Worker-28: Building workspace] INFO  o.e.m.c.i.embedder.EclipseLogger - Using 'UTF-8' encoding to copy filtered resources.
2019-03-18 06:48:29,009 [Worker-28: Building workspace] INFO  o.e.m.c.i.embedder.EclipseLogger - Copying 1 resource
2019-03-18 06:48:29,010 [Worker-28: Building workspace] INFO  o.e.m.c.i.embedder.EclipseLogger - Copying 0 resource
2019-03-18 06:48:29,013 [Worker-28: Building workspace] INFO  o.e.m.c.i.embedder.EclipseLogger - Using 'UTF-8' encoding to copy filtered resources.
2019-03-18 06:48:29,013 [Worker-28: Building workspace] INFO  o.e.m.c.i.embedder.EclipseLogger - skip non existing resourceDirectory D:\[BAMS]\sekolah\kuliah\workspace-spring-tool-suite-4-4.1.1.RELEASE\demo\src\test\resources
2019-03-18 06:48:33,665 [Worker-28: Building workspace] INFO  o.e.m.c.i.l.LifecycleMappingFactory - Using org.eclipse.m2e.jdt.JarLifecycleMapping lifecycle mapping for MavenProject: org.springframework:gs-reactive-rest-service:0.1.0 @ D:\[BAMS]\sekolah\kuliah\workspace-spring-tool-suite-4-4.1.1.RELEASE\gs-reactive-rest-service-complete\pom.xml.
2019-03-18 06:48:36,758 [Worker-28: Building workspace] INFO  o.e.m.c.i.embedder.EclipseLogger - Using 'UTF-8' encoding to copy filtered resources.
2019-03-18 06:48:36,759 [Worker-28: Building workspace] INFO  o.e.m.c.i.embedder.EclipseLogger - skip non existing resourceDirectory D:\[BAMS]\sekolah\kuliah\workspace-spring-tool-suite-4-4.1.1.RELEASE\gs-reactive-rest-service-complete\src\main\resources
2019-03-18 06:48:36,759 [Worker-28: Building workspace] INFO  o.e.m.c.i.embedder.EclipseLogger - skip non existing resourceDirectory D:\[BAMS]\sekolah\kuliah\workspace-spring-tool-suite-4-4.1.1.RELEASE\gs-reactive-rest-service-complete\src\main\resources
2019-03-18 06:48:36,761 [Worker-28: Building workspace] INFO  o.e.m.c.i.embedder.EclipseLogger - Using 'UTF-8' encoding to copy filtered resources.
2019-03-18 06:48:36,761 [Worker-28: Building workspace] INFO  o.e.m.c.i.embedder.EclipseLogger - skip non existing resourceDirectory D:\[BAMS]\sekolah\kuliah\workspace-spring-tool-suite-4-4.1.1.RELEASE\gs-reactive-rest-service-complete\src\test\resources
2019-03-18 06:48:38,633 [Worker-28: Building workspace] INFO  o.e.m.c.i.l.LifecycleMappingFactory - Using org.eclipse.m2e.jdt.JarLifecycleMapping lifecycle mapping for MavenProject: org.springframework.samples:spring-petclinic:2.1.0.BUILD-SNAPSHOT @ D:\[BAMS]\sekolah\kuliah\workspace-spring-tool-suite-4-4.1.1.RELEASE\spring-petclinic\pom.xml.
2019-03-18 06:48:44,122 [Worker-28: Building workspace] INFO  o.e.m.c.i.embedder.EclipseLogger - dotGitDirectory is null, aborting execution!
2019-03-18 06:48:52,735 [Worker-18: Updating Maven Dependencies] INFO  o.e.m.c.i.l.LifecycleMappingFactory - Using org.eclipse.m2e.jdt.JarLifecycleMapping lifecycle mapping for MavenProject: com.example:demo:0.0.1-SNAPSHOT @ D:\[BAMS]\sekolah\kuliah\workspace-spring-tool-suite-4-4.1.1.RELEASE\demo\pom.xml.
2019-03-18 06:48:52,835 [Worker-28: Building workspace] INFO  o.e.m.c.i.embedder.EclipseLogger - D:\[BAMS]\sekolah\kuliah\workspace-spring-tool-suite-4-4.1.1.RELEASE\spring-petclinic/src/main/less
2019-03-18 06:48:52,835 [Worker-28: Building workspace] INFO  o.e.m.c.i.embedder.EclipseLogger - Executing the mojo: 
2019-03-18 06:48:52,835 [Worker-28: Building workspace] INFO  o.e.m.c.i.embedder.EclipseLogger - Wro4j Model path: D:\[BAMS]\sekolah\kuliah\workspace-spring-tool-suite-4-4.1.1.RELEASE\spring-petclinic\src\main\wro\wro.xml
2019-03-18 06:48:52,835 [Worker-28: Building workspace] INFO  o.e.m.c.i.embedder.EclipseLogger - targetGroups: null
2019-03-18 06:48:52,836 [Worker-28: Building workspace] INFO  o.e.m.c.i.embedder.EclipseLogger - minimize: true
2019-03-18 06:48:52,836 [Worker-28: Building workspace] INFO  o.e.m.c.i.embedder.EclipseLogger - ignoreMissingResources: null
2019-03-18 06:48:52,836 [Worker-28: Building workspace] INFO  o.e.m.c.i.embedder.EclipseLogger - parallelProcessing: false
2019-03-18 06:48:52,836 [Worker-28: Building workspace] INFO  o.e.m.c.i.embedder.EclipseLogger - buildDirectory: D:\[BAMS]\sekolah\kuliah\workspace-spring-tool-suite-4-4.1.1.RELEASE\spring-petclinic\target
2019-03-18 06:48:52,847 [Worker-28: Building workspace] INFO  o.e.m.c.i.embedder.EclipseLogger - destinationFolder: D:\[BAMS]\sekolah\kuliah\workspace-spring-tool-suite-4-4.1.1.RELEASE\spring-petclinic\target
2019-03-18 06:48:52,847 [Worker-28: Building workspace] INFO  o.e.m.c.i.embedder.EclipseLogger - cssDestinationFolder: D:\[BAMS]\sekolah\kuliah\workspace-spring-tool-suite-4-4.1.1.RELEASE\spring-petclinic\target\classes\static\resources\css
2019-03-18 06:48:53,685 [Worker-28: Building workspace] INFO  o.e.m.c.i.embedder.EclipseLogger - The following groups will be processed: [petclinic]
2019-03-18 06:48:53,685 [Worker-28: Building workspace] INFO  o.e.m.c.i.embedder.EclipseLogger - folder: D:\[BAMS]\sekolah\kuliah\workspace-spring-tool-suite-4-4.1.1.RELEASE\spring-petclinic\target\classes\static\resources\css
2019-03-18 06:48:53,687 [Worker-28: Building workspace] INFO  o.e.m.c.i.embedder.EclipseLogger - processing group: petclinic.css
2019-03-18 06:48:57,395 [Worker-28: Building workspace] WARN  r.i.w.e.p.css.Less4jProcessor - Less warnings are:
2019-03-18 06:48:57,404 [Worker-28: Building workspace] WARN  r.i.w.e.p.css.Less4jProcessor - 10:1 Cannot link source map. Css result location is not know and could not be deduced from input less source..
2019-03-18 06:48:57,438 [Worker-28: Building workspace] INFO  o.e.m.c.i.embedder.EclipseLogger - file size: petclinic.css -> 152399 bytes
2019-03-18 06:48:57,438 [Worker-28: Building workspace] INFO  o.e.m.c.i.embedder.EclipseLogger - D:\[BAMS]\sekolah\kuliah\workspace-spring-tool-suite-4-4.1.1.RELEASE\spring-petclinic\target\classes\static\resources\css\petclinic.css (152399 bytes)
2019-03-18 06:48:57,438 [Worker-28: Building workspace] INFO  o.e.m.c.i.embedder.EclipseLogger - folder: D:\[BAMS]\sekolah\kuliah\workspace-spring-tool-suite-4-4.1.1.RELEASE\spring-petclinic\target
2019-03-18 06:48:57,438 [Worker-28: Building workspace] INFO  o.e.m.c.i.embedder.EclipseLogger - processing group: petclinic.js
2019-03-18 06:48:57,557 [Worker-28: Building workspace] INFO  o.e.m.c.i.embedder.EclipseLogger - Using 'UTF-8' encoding to copy filtered resources.
2019-03-18 06:48:57,558 [Worker-28: Building workspace] INFO  o.e.m.c.i.embedder.EclipseLogger - Copying 2 resources
2019-03-18 06:48:57,588 [Worker-28: Building workspace] INFO  o.e.m.c.i.embedder.EclipseLogger - Copying 35 resources
2019-03-18 06:48:57,946 [Worker-28: Building workspace] INFO  o.e.m.c.i.embedder.EclipseLogger - Using 'UTF-8' encoding to copy filtered resources.
2019-03-18 06:48:57,946 [Worker-28: Building workspace] INFO  o.e.m.c.i.embedder.EclipseLogger - skip non existing resourceDirectory D:\[BAMS]\sekolah\kuliah\workspace-spring-tool-suite-4-4.1.1.RELEASE\spring-petclinic\src\test\resources
2019-03-18 06:49:04,808 [Worker-5: Building workspace] INFO  o.e.m.c.i.embedder.EclipseLogger - Using 'UTF-8' encoding to copy filtered resources.
2019-03-18 06:49:04,811 [Worker-5: Building workspace] INFO  o.e.m.c.i.embedder.EclipseLogger - Copying 0 resource
2019-03-18 06:49:04,811 [Worker-5: Building workspace] INFO  o.e.m.c.i.embedder.EclipseLogger - Copying 0 resource
2019-03-18 06:49:04,813 [Worker-5: Building workspace] INFO  o.e.m.c.i.embedder.EclipseLogger - Using 'UTF-8' encoding to copy filtered resources.
2019-03-18 06:49:04,813 [Worker-5: Building workspace] INFO  o.e.m.c.i.embedder.EclipseLogger - skip non existing resourceDirectory D:\[BAMS]\sekolah\kuliah\workspace-spring-tool-suite-4-4.1.1.RELEASE\demo\src\test\resources
2019-03-18 06:49:07,537 [Worker-5: Building workspace] INFO  o.e.m.c.i.embedder.EclipseLogger - Using 'UTF-8' encoding to copy filtered resources.
2019-03-18 06:49:07,537 [Worker-5: Building workspace] INFO  o.e.m.c.i.embedder.EclipseLogger - skip non existing resourceDirectory D:\[BAMS]\sekolah\kuliah\workspace-spring-tool-suite-4-4.1.1.RELEASE\gs-reactive-rest-service-complete\src\main\resources
2019-03-18 06:49:07,537 [Worker-5: Building workspace] INFO  o.e.m.c.i.embedder.EclipseLogger - skip non existing resourceDirectory D:\[BAMS]\sekolah\kuliah\workspace-spring-tool-suite-4-4.1.1.RELEASE\gs-reactive-rest-service-complete\src\main\resources
2019-03-18 06:49:07,539 [Worker-5: Building workspace] INFO  o.e.m.c.i.embedder.EclipseLogger - Using 'UTF-8' encoding to copy filtered resources.
2019-03-18 06:49:07,539 [Worker-5: Building workspace] INFO  o.e.m.c.i.embedder.EclipseLogger - skip non existing resourceDirectory D:\[BAMS]\sekolah\kuliah\workspace-spring-tool-suite-4-4.1.1.RELEASE\gs-reactive-rest-service-complete\src\test\resources
2019-03-18 06:49:09,505 [Worker-5: Building workspace] INFO  o.e.m.c.i.embedder.EclipseLogger - Using 'UTF-8' encoding to copy filtered resources.
2019-03-18 06:49:09,510 [Worker-5: Building workspace] INFO  o.e.m.c.i.embedder.EclipseLogger - Copying 2 resources
2019-03-18 06:49:09,523 [Worker-5: Building workspace] INFO  o.e.m.c.i.embedder.EclipseLogger - Copying 35 resources
2019-03-18 06:49:09,920 [Worker-5: Building workspace] INFO  o.e.m.c.i.embedder.EclipseLogger - Using 'UTF-8' encoding to copy filtered resources.
2019-03-18 06:49:09,920 [Worker-5: Building workspace] INFO  o.e.m.c.i.embedder.EclipseLogger - skip non existing resourceDirectory D:\[BAMS]\sekolah\kuliah\workspace-spring-tool-suite-4-4.1.1.RELEASE\spring-petclinic\src\test\resources
2019-03-25 10:56:31,111 [Worker-5: Loading available Gradle versions] INFO  o.e.b.c.i.u.g.PublishedGradleVersions - Gradle version information cache is out-of-date. Trying to update.
2019-03-25 12:49:04,553 [Worker-1: Loading available Gradle versions] INFO  o.e.b.c.i.u.g.PublishedGradleVersions - Gradle version information cache is up-to-date. Trying to read.
2019-03-25 13:26:02,673 [ModalContext] INFO  o.e.m.c.i.e.AbstractTransferListenerAdapter - Downloading https://repo.maven.apache.org/maven2/org/apache/maven/archetypes/maven-archetype-quickstart/1.1/maven-archetype-quickstart-1.1.jar
2019-03-25 13:26:03,423 [ModalContext] INFO  o.e.m.c.i.e.AbstractTransferListenerAdapter - Downloaded https://repo.maven.apache.org/maven2/org/apache/maven/archetypes/maven-archetype-quickstart/1.1/maven-archetype-quickstart-1.1.jar
2019-03-25 13:26:04,158 [ModalContext] INFO  o.e.m.c.i.e.AbstractTransferListenerAdapter - Downloading https://repo.maven.apache.org/maven2/org/apache/maven/archetypes/maven-archetype-quickstart/1.1/maven-archetype-quickstart-1.1.pom
2019-03-25 13:26:05,398 [ModalContext] INFO  o.e.m.c.i.e.AbstractTransferListenerAdapter - Downloaded https://repo.maven.apache.org/maven2/org/apache/maven/archetypes/maven-archetype-quickstart/1.1/maven-archetype-quickstart-1.1.pom
2019-03-25 13:55:42,727 [main] ERROR o.e.m.w.i.WTPResourcesContentProvider - Error getting pipelined children : Resource '/hello-springmvc' does not exist.
org.eclipse.core.internal.resources.ResourceException: Resource '/hello-springmvc' does not exist.
	at org.eclipse.core.internal.resources.Resource.checkExists(Resource.java:330) ~[na:na]
	at org.eclipse.core.internal.resources.Resource.checkAccessible(Resource.java:204) ~[na:na]
	at org.eclipse.core.internal.resources.Project.checkAccessible(Project.java:145) ~[na:na]
	at org.eclipse.core.internal.resources.Project.hasNature(Project.java:540) ~[na:na]
	at org.eclipse.m2e.wtp.internal.WTPResourcesContentProvider.getPipelinedChildren(WTPResourcesContentProvider.java:75) ~[na:na]
	at org.eclipse.ui.internal.navigator.extensions.SafeDelegateTreeContentProvider.getPipelinedChildren(SafeDelegateTreeContentProvider.java:175) [org.eclipse.ui.navigator_3.7.300.v20181016-1531.jar:na]
	at org.eclipse.ui.internal.navigator.NavigatorContentServiceContentProvider.pipelineChildren(NavigatorContentServiceContentProvider.java:213) [org.eclipse.ui.navigator_3.7.300.v20181016-1531.jar:na]
	at org.eclipse.ui.internal.navigator.NavigatorContentServiceContentProvider.access$1(NavigatorContentServiceContentProvider.java:201) [org.eclipse.ui.navigator_3.7.300.v20181016-1531.jar:na]
	at org.eclipse.ui.internal.navigator.NavigatorContentServiceContentProvider$1.run(NavigatorContentServiceContentProvider.java:169) [org.eclipse.ui.navigator_3.7.300.v20181016-1531.jar:na]
	at org.eclipse.core.runtime.SafeRunner.run(SafeRunner.java:45) [org.eclipse.equinox.common_3.10.200.v20181021-1645.jar:na]
	at org.eclipse.ui.internal.navigator.NavigatorContentServiceContentProvider.internalGetChildren(NavigatorContentServiceContentProvider.java:146) [org.eclipse.ui.navigator_3.7.300.v20181016-1531.jar:na]
	at org.eclipse.ui.internal.navigator.NavigatorContentServiceContentProvider.getChildren(NavigatorContentServiceContentProvider.java:132) [org.eclipse.ui.navigator_3.7.300.v20181016-1531.jar:na]
	at org.eclipse.jface.viewers.AbstractTreeViewer.getRawChildren(AbstractTreeViewer.java:1415) [org.eclipse.jface_3.15.0.v20181123-1505.jar:na]
	at org.eclipse.jface.viewers.TreeViewer.getRawChildren(TreeViewer.java:350) [org.eclipse.jface_3.15.0.v20181123-1505.jar:na]
	at org.eclipse.jface.viewers.StructuredViewer.getFilteredChildren(StructuredViewer.java:903) [org.eclipse.jface_3.15.0.v20181123-1505.jar:na]
	at org.eclipse.jface.viewers.AbstractTreeViewer.getSortedChildren(AbstractTreeViewer.java:621) [org.eclipse.jface_3.15.0.v20181123-1505.jar:na]
	at org.eclipse.jface.viewers.AbstractTreeViewer.createChildren(AbstractTreeViewer.java:813) [org.eclipse.jface_3.15.0.v20181123-1505.jar:na]
	at org.eclipse.jface.viewers.TreeViewer.createChildren(TreeViewer.java:604) [org.eclipse.jface_3.15.0.v20181123-1505.jar:na]
	at org.eclipse.jface.viewers.AbstractTreeViewer.createChildren(AbstractTreeViewer.java:766) [org.eclipse.jface_3.15.0.v20181123-1505.jar:na]
	at org.eclipse.jface.viewers.AbstractTreeViewer.setExpandedState(AbstractTreeViewer.java:2518) [org.eclipse.jface_3.15.0.v20181123-1505.jar:na]
	at org.eclipse.wst.jsdt.internal.ui.navigator.OpenAndExpand.expand(OpenAndExpand.java:260) [org.eclipse.wst.jsdt.ui_2.0.301.v201710051729.jar:na]
	at org.eclipse.wst.jsdt.internal.ui.navigator.OpenAndExpand.run(OpenAndExpand.java:46) [org.eclipse.wst.jsdt.ui_2.0.301.v201710051729.jar:na]
	at org.eclipse.ui.actions.RetargetAction.run(RetargetAction.java:219) [org.eclipse.ui.workbench_3.112.100.v20181127-1518.jar:na]
	at org.eclipse.ui.navigator.CommonNavigatorManager$1.open(CommonNavigatorManager.java:183) [org.eclipse.ui.navigator_3.7.300.v20181016-1531.jar:na]
	at org.eclipse.ui.OpenAndLinkWithEditorHelper$InternalListener.open(OpenAndLinkWithEditorHelper.java:49) [org.eclipse.ui.workbench_3.112.100.v20181127-1518.jar:na]
	at org.eclipse.jface.viewers.StructuredViewer$2.run(StructuredViewer.java:853) [org.eclipse.jface_3.15.0.v20181123-1505.jar:na]
	at org.eclipse.core.runtime.SafeRunner.run(SafeRunner.java:45) [org.eclipse.equinox.common_3.10.200.v20181021-1645.jar:na]
	at org.eclipse.ui.internal.JFaceUtil.lambda$0(JFaceUtil.java:47) [org.eclipse.ui.workbench_3.112.100.v20181127-1518.jar:na]
	at org.eclipse.jface.util.SafeRunnable.run(SafeRunnable.java:176) ~[org.eclipse.jface_3.15.0.v20181123-1505.jar:na]
	at org.eclipse.jface.viewers.StructuredViewer.fireOpen(StructuredViewer.java:850) [org.eclipse.jface_3.15.0.v20181123-1505.jar:na]
	at org.eclipse.jface.viewers.StructuredViewer.handleOpen(StructuredViewer.java:1165) [org.eclipse.jface_3.15.0.v20181123-1505.jar:na]
	at org.eclipse.ui.navigator.CommonViewer.handleOpen(CommonViewer.java:454) ~[na:na]
	at org.eclipse.jface.util.OpenStrategy.fireOpenEvent(OpenStrategy.java:276) ~[org.eclipse.jface_3.15.0.v20181123-1505.jar:na]
	at org.eclipse.jface.util.OpenStrategy.access$2(OpenStrategy.java:271) ~[org.eclipse.jface_3.15.0.v20181123-1505.jar:na]
	at org.eclipse.jface.util.OpenStrategy$1.handleEvent(OpenStrategy.java:311) ~[org.eclipse.jface_3.15.0.v20181123-1505.jar:na]
	at org.eclipse.swt.widgets.EventTable.sendEvent(EventTable.java:89) ~[org.eclipse.swt.win32.win32.x86_64_3.109.0.v20181204-1801.jar:na]
	at org.eclipse.swt.widgets.Display.sendEvent(Display.java:4131) ~[org.eclipse.swt.win32.win32.x86_64_3.109.0.v20181204-1801.jar:na]
	at org.eclipse.swt.widgets.Widget.sendEvent(Widget.java:1055) ~[org.eclipse.swt.win32.win32.x86_64_3.109.0.v20181204-1801.jar:na]
	at org.eclipse.swt.widgets.Display.runDeferredEvents(Display.java:3944) ~[org.eclipse.swt.win32.win32.x86_64_3.109.0.v20181204-1801.jar:na]
	at org.eclipse.swt.widgets.Display.readAndDispatch(Display.java:3547) ~[org.eclipse.swt.win32.win32.x86_64_3.109.0.v20181204-1801.jar:na]
	at org.eclipse.e4.ui.internal.workbench.swt.PartRenderingEngine$5.run(PartRenderingEngine.java:1173) ~[org.eclipse.e4.ui.workbench.swt_0.14.400.v20181022-1348.jar:na]
	at org.eclipse.core.databinding.observable.Realm.runWithDefault(Realm.java:339) ~[org.eclipse.core.databinding.observable_1.6.300.v20180827-2028.jar:na]
	at org.eclipse.e4.ui.internal.workbench.swt.PartRenderingEngine.run(PartRenderingEngine.java:1062) ~[org.eclipse.e4.ui.workbench.swt_0.14.400.v20181022-1348.jar:na]
	at org.eclipse.e4.ui.internal.workbench.E4Workbench.createAndRunUI(E4Workbench.java:156) ~[org.eclipse.e4.ui.workbench_1.8.0.v20181119-1304.jar:na]
	at org.eclipse.ui.internal.Workbench.lambda$3(Workbench.java:636) ~[org.eclipse.ui.workbench_3.112.100.v20181127-1518.jar:na]
	at org.eclipse.core.databinding.observable.Realm.runWithDefault(Realm.java:339) ~[org.eclipse.core.databinding.observable_1.6.300.v20180827-2028.jar:na]
	at org.eclipse.ui.internal.Workbench.createAndRunWorkbench(Workbench.java:563) ~[org.eclipse.ui.workbench_3.112.100.v20181127-1518.jar:na]
	at org.eclipse.ui.PlatformUI.createAndRunWorkbench(PlatformUI.java:151) ~[org.eclipse.ui.workbench_3.112.100.v20181127-1518.jar:na]
	at org.eclipse.ui.internal.ide.application.IDEApplication.start(IDEApplication.java:155) ~[na:na]
	at org.eclipse.equinox.internal.app.EclipseAppHandle.run(EclipseAppHandle.java:203) ~[org.eclipse.equinox.app_1.4.0.v20181009-1752.jar:na]
	at org.eclipse.core.runtime.internal.adaptor.EclipseAppLauncher.runApplication(EclipseAppLauncher.java:137) ~[org.eclipse.osgi_3.13.200.v20181130-2106.jar:na]
	at org.eclipse.core.runtime.internal.adaptor.EclipseAppLauncher.start(EclipseAppLauncher.java:107) ~[org.eclipse.osgi_3.13.200.v20181130-2106.jar:na]
	at org.eclipse.core.runtime.adaptor.EclipseStarter.run(EclipseStarter.java:400) ~[org.eclipse.osgi_3.13.200.v20181130-2106.jar:na]
	at org.eclipse.core.runtime.adaptor.EclipseStarter.run(EclipseStarter.java:255) ~[org.eclipse.osgi_3.13.200.v20181130-2106.jar:na]
	at sun.reflect.NativeMethodAccessorImpl.invoke0(Native Method) ~[na:1.8.0_202]
	at sun.reflect.NativeMethodAccessorImpl.invoke(Unknown Source) ~[na:1.8.0_202]
	at sun.reflect.DelegatingMethodAccessorImpl.invoke(Unknown Source) ~[na:1.8.0_202]
	at java.lang.reflect.Method.invoke(Unknown Source) ~[na:1.8.0_202]
	at org.eclipse.equinox.launcher.Main.invokeFramework(Main.java:659) ~[org.eclipse.equinox.launcher_1.5.200.v20180922-1751.jar:na]
	at org.eclipse.equinox.launcher.Main.basicRun(Main.java:595) ~[org.eclipse.equinox.launcher_1.5.200.v20180922-1751.jar:na]
	at org.eclipse.equinox.launcher.Main.run(Main.java:1501) ~[org.eclipse.equinox.launcher_1.5.200.v20180922-1751.jar:na]
Caused by: java.lang.Exception: Resource '/hello-springmvc' does not exist.
	at org.eclipse.core.internal.resources.ResourceException.provideStackTrace(ResourceException.java:42) ~[na:na]
	at org.eclipse.core.internal.resources.ResourceException.<init>(ResourceException.java:38) ~[na:na]
	... 61 common frames omitted
2019-03-26 10:08:55,628 [Worker-6: Loading available Gradle versions] INFO  o.e.b.c.i.u.g.PublishedGradleVersions - Gradle version information cache is up-to-date. Trying to read.
2019-03-27 14:27:06,218 [Worker-2: Loading available Gradle versions] INFO  o.e.b.c.i.u.g.PublishedGradleVersions - Gradle version information cache is out-of-date. Trying to update.
2019-04-01 17:15:34,063 [Worker-6: Loading available Gradle versions] INFO  o.e.b.c.i.u.g.PublishedGradleVersions - Gradle version information cache is up-to-date. Trying to read.
2019-04-01 22:27:07,404 [Worker-6: Loading available Gradle versions] INFO  o.e.b.c.i.u.g.PublishedGradleVersions - Gradle version information cache is up-to-date. Trying to read.
2019-04-02 05:39:49,545 [Worker-5: Loading available Gradle versions] INFO  o.e.b.c.i.u.g.PublishedGradleVersions - Gradle version information cache is up-to-date. Trying to read.
2019-04-02 06:43:48,328 [Worker-4: Loading available Gradle versions] INFO  o.e.b.c.i.u.g.PublishedGradleVersions - Gradle version information cache is up-to-date. Trying to read.
2019-04-02 16:55:29,099 [Worker-6: Loading available Gradle versions] INFO  o.e.b.c.i.u.g.PublishedGradleVersions - Gradle version information cache is out-of-date. Trying to update.
2019-04-02 16:55:47,511 [Worker-6: Loading available Gradle versions] INFO  o.e.b.c.i.u.g.PublishedGradleVersions - Updating Gradle version information cache failed. Using outdated cache.
2019-04-06 14:32:09,101 [Worker-5: Loading available Gradle versions] INFO  o.e.b.c.i.u.g.PublishedGradleVersions - Gradle version information cache is out-of-date. Trying to update.
2019-04-07 21:55:58,647 [Worker-6: Loading available Gradle versions] INFO  o.e.b.c.i.u.g.PublishedGradleVersions - Gradle version information cache is out-of-date. Trying to update.
2019-04-08 06:01:29,305 [Worker-0: Loading available Gradle versions] INFO  o.e.b.c.i.u.g.PublishedGradleVersions - Gradle version information cache is up-to-date. Trying to read.
